<?xml version="1.0" encoding="UTF-8"?>
<!-- Generated by org.testng.reporters.JUnitXMLReporter -->
<testsuite ignored="0" hostname="DESKTOP-NKHBQ8A" failures="0" tests="3" name="Default test" time="9.256" errors="0" timestamp="2024-10-17T18:21:34 IST">
  <testcase classname="tests.LaunchWebsites" name="testLogin" time="8.723"/>
  <testcase classname="tests.LaunchWebsites" name="testLogin" time="9.103"/>
  <testcase classname="tests.LaunchWebsites" name="testLogin" time="9.169"/>
</testsuite> <!-- Default test -->
