<?xml version="1.0" encoding="UTF-8"?>
<testng-results ignored="0" total="2" passed="2" failed="0" skipped="0">
  <reporter-output>
  </reporter-output>
  <suite started-at="2024-10-28T19:11:21 IST" name="Test Suite" finished-at="2024-10-28T19:11:38 IST" duration-ms="17265">
    <groups>
      <group name="regression">
        <method signature="LoginAmazon.testLogin(java.lang.String,java.lang.String)[pri:0, instance:tests.LoginAmazon@277b8fa4]" name="testLogin" class="tests.LoginAmazon"/>
      </group> <!-- regression -->
      <group name="smoke">
        <method signature="LaunchFlipkartPage.testLogin()[pri:0, instance:tests.LaunchFlipkartPage@1a0b5323]" name="testLogin" class="tests.LaunchFlipkartPage"/>
      </group> <!-- smoke -->
    </groups>
    <test started-at="2024-10-28T19:11:21 IST" name="Login Test" finished-at="2024-10-28T19:11:38 IST" duration-ms="17265">
      <class name="tests.LoginAmazon">
        <test-method signature="testLogin(java.lang.String,java.lang.String)[pri:0, instance:tests.LoginAmazon@277b8fa4]" started-at="2024-10-28T19:11:21 IST" name="testLogin" data-provider="userData" finished-at="2024-10-28T19:11:34 IST" duration-ms="13080" status="PASS">
          <params>
            <param index="0">
              <value>
                <![CDATA[nandakishore.shopping@gmail.com]]>
              </value>
            </param>
            <param index="1">
              <value>
                <![CDATA[Jan@2024]]>
              </value>
            </param>
          </params>
          <reporter-output>
          </reporter-output>
        </test-method> <!-- testLogin -->
        <test-method is-config="true" signature="tearDownAndReport(org.testng.ITestResult)[pri:0, instance:tests.LoginAmazon@277b8fa4]" started-at="2024-10-28T19:11:34 IST" name="tearDownAndReport" finished-at="2024-10-28T19:11:38 IST" duration-ms="4106" status="PASS">
          <params>
            <param index="0">
              <value>
                <![CDATA[[TestResult name=testLogin status=SUCCESS method=LoginAmazon.testLogin(java.lang.String,java.lang.String)[pri:0, instance:tests.LoginAmazon@277b8fa4] output={null}]]]>
              </value>
            </param>
          </params>
          <reporter-output>
          </reporter-output>
        </test-method> <!-- tearDownAndReport -->
      </class> <!-- tests.LoginAmazon -->
      <class name="tests.LaunchFlipkartPage">
        <test-method signature="testLogin()[pri:0, instance:tests.LaunchFlipkartPage@1a0b5323]" started-at="2024-10-28T19:11:21 IST" name="testLogin" finished-at="2024-10-28T19:11:30 IST" duration-ms="9263" status="PASS">
          <reporter-output>
          </reporter-output>
        </test-method> <!-- testLogin -->
        <test-method is-config="true" signature="tearDownAndReport(org.testng.ITestResult)[pri:0, instance:tests.LaunchFlipkartPage@1a0b5323]" started-at="2024-10-28T19:11:30 IST" name="tearDownAndReport" finished-at="2024-10-28T19:11:37 IST" duration-ms="7387" status="PASS">
          <params>
            <param index="0">
              <value>
                <![CDATA[[TestResult name=testLogin status=SUCCESS method=LaunchFlipkartPage.testLogin()[pri:0, instance:tests.LaunchFlipkartPage@1a0b5323] output={null}]]]>
              </value>
            </param>
          </params>
          <reporter-output>
          </reporter-output>
        </test-method> <!-- tearDownAndReport -->
      </class> <!-- tests.LaunchFlipkartPage -->
    </test> <!-- Login Test -->
  </suite> <!-- Test Suite -->
</testng-results>
